<?xml version="1.0" encoding="UTF-8"?>
<testng-results ignored="0" total="1" passed="1" failed="0" skipped="0">
  <reporter-output>
  </reporter-output>
  <suite started-at="2023-03-27T12:49:53 EET" name="Default suite" finished-at="2023-03-27T12:50:54 EET" duration-ms="60716">
    <groups>
    </groups>
    <test started-at="2023-03-27T12:49:53 EET" name="Default test" finished-at="2023-03-27T12:50:54 EET" duration-ms="60716">
      <class name="AbdallahSleem.FinalTask.task">
        <test-method is-config="true" signature="openurl()[pri:0, instance:AbdallahSleem.FinalTask.task@3028e50e]" started-at="2023-03-27T12:49:53 EET" name="openurl" finished-at="2023-03-27T12:50:20 EET" duration-ms="27172" status="PASS">
          <reporter-output>
          </reporter-output>
        </test-method> <!-- openurl -->
        <test-method signature="test()[pri:0, instance:AbdallahSleem.FinalTask.task@3028e50e]" started-at="2023-03-27T12:50:20 EET" name="test" finished-at="2023-03-27T12:50:53 EET" duration-ms="32107" status="PASS">
          <reporter-output>
          </reporter-output>
        </test-method> <!-- test -->
        <test-method is-config="true" signature="close()[pri:0, instance:AbdallahSleem.FinalTask.task@3028e50e]" started-at="2023-03-27T12:50:53 EET" name="close" finished-at="2023-03-27T12:50:54 EET" duration-ms="1358" status="PASS">
          <reporter-output>
          </reporter-output>
        </test-method> <!-- close -->
      </class> <!-- AbdallahSleem.FinalTask.task -->
    </test> <!-- Default test -->
  </suite> <!-- Default suite -->
</testng-results>
